<?xml version="1.0" encoding="UTF-8"?>
<testsuite xmlns:xsi="http://www.w3.org/2001/XMLSchema-instance" xsi:noNamespaceSchemaLocation="https://maven.apache.org/surefire/maven-surefire-plugin/xsd/surefire-test-report-3.0.xsd" version="3.0" name="TestSuite" time="86.273" tests="4" errors="0" skipped="0" failures="0">
  <properties>
[...]
</properties>
  <testcase name="verifyAppLaunch" classname="com.grid.demo.WebAppTestsChrome" time="0.71">
    <system-out><![CDATA[Launching Application..TestNG-test=TestA-1
Launching Application..TestNG-test=TestA-2
Logo verification passed
]]></system-out>
    <system-err><![CDATA[SLF4J: Failed to load class "org.slf4j.impl.StaticLoggerBinder".
SLF4J: Defaulting to no-operation (NOP) logger implementation
SLF4J: See http://www.slf4j.org/codes.html#StaticLoggerBinder for further details.
Nov 11, 2020 3:03:48 PM org.openqa.selenium.remote.ProtocolHandshake createSession
INFO: Detected dialect: W3C
Nov 11, 2020 3:03:48 PM org.openqa.selenium.remote.ProtocolHandshake createSession
INFO: Detected dialect: W3C
]]></system-err>
  </testcase>
  <testcase name="verifyAppLogin" classname="com.grid.demo.WebAppTestsChrome" time="11.678">
    <system-out><![CDATA[Closing Browser...
Login test successfull
]]></system-out>
  </testcase>
  <testcase name="verifyAppLaunch" classname="com.grid.demo.WebAppTestsFirefox" time="0.914">
    <system-out><![CDATA[Closing Browser...
Launching Application..TestNG-test=Test-2
Launching Application..TestNG-test=Test-1
Logo verification passed
]]></system-out>
    <system-err><![CDATA[Nov 11, 2020 3:04:30 PM org.openqa.selenium.remote.ProtocolHandshake createSession
INFO: Detected dialect: W3C
Nov 11, 2020 3:04:30 PM org.openqa.selenium.remote.ProtocolHandshake createSession
INFO: Detected dialect: W3C
]]></system-err>
  </testcase>
  <testcase name="verifyAppLogin" classname="com.grid.demo.WebAppTestsFirefox" time="9.04">
    <system-out><![CDATA[Closing Browser...
Login test successfull
]]></system-out>
  </testcase>
</testsuite>