<?xml version="1.0" encoding="UTF-8"?>
<testng-results skipped="0" failed="0" ignored="0" total="2" passed="2">
  <reporter-output>
  </reporter-output>
  <suite name="Suite" duration-ms="21171" started-at="2020-11-10T23:28:23 IST" finished-at="2020-11-10T23:28:44 IST">
    <groups>
    </groups>
    <test name="TestA" duration-ms="21171" started-at="2020-11-10T23:28:23 IST" finished-at="2020-11-10T23:28:44 IST">
      <class name="com.grid.demo.WebAppTestsChrome">
        <test-method status="PASS" signature="Setup()[pri:0, instance:com.grid.demo.WebAppTestsChrome@72d818d1]" name="Setup" is-config="true" duration-ms="14387" started-at="2020-11-10T23:28:23 IST" finished-at="2020-11-10T23:28:37 IST">
          <reporter-output>
          </reporter-output>
        </test-method> <!-- Setup -->
        <test-method status="PASS" signature="Setup()[pri:0, instance:com.grid.demo.WebAppTestsChrome@72d818d1]" name="Setup" is-config="true" duration-ms="14357" started-at="2020-11-10T23:28:23 IST" finished-at="2020-11-10T23:28:37 IST">
          <reporter-output>
          </reporter-output>
        </test-method> <!-- Setup -->
        <test-method status="PASS" signature="verifyAppLaunch()[pri:0, instance:com.grid.demo.WebAppTestsChrome@72d818d1]" name="verifyAppLaunch" duration-ms="154" started-at="2020-11-10T23:28:37 IST" finished-at="2020-11-10T23:28:38 IST">
          <reporter-output>
          </reporter-output>
        </test-method> <!-- verifyAppLaunch -->
        <test-method status="PASS" signature="verifyAppLogin()[pri:0, instance:com.grid.demo.WebAppTestsChrome@72d818d1]" name="verifyAppLogin" duration-ms="5422" started-at="2020-11-10T23:28:37 IST" finished-at="2020-11-10T23:28:43 IST">
          <reporter-output>
          </reporter-output>
        </test-method> <!-- verifyAppLogin -->
        <test-method status="PASS" signature="quit()[pri:0, instance:com.grid.demo.WebAppTestsChrome@72d818d1]" name="quit" is-config="true" duration-ms="1112" started-at="2020-11-10T23:28:38 IST" finished-at="2020-11-10T23:28:39 IST">
          <reporter-output>
          </reporter-output>
        </test-method> <!-- quit -->
        <test-method status="PASS" signature="quit()[pri:0, instance:com.grid.demo.WebAppTestsChrome@72d818d1]" name="quit" is-config="true" duration-ms="1315" started-at="2020-11-10T23:28:43 IST" finished-at="2020-11-10T23:28:44 IST">
          <reporter-output>
          </reporter-output>
        </test-method> <!-- quit -->
      </class> <!-- com.grid.demo.WebAppTestsChrome -->
    </test> <!-- TestA -->
  </suite> <!-- Suite -->
</testng-results>
