<?xml version="1.0" encoding="UTF-8"?>
<testng-results skipped="0" failed="0" ignored="0" total="4" passed="4">
  <reporter-output>
  </reporter-output>
  <suite name="Suite" duration-ms="85395" started-at="2020-11-11T15:03:29 IST" finished-at="2020-11-11T15:04:54 IST">
    <groups>
    </groups>
    <test name="TestA" duration-ms="51429" started-at="2020-11-11T15:03:29 IST" finished-at="2020-11-11T15:04:20 IST">
      <class name="com.grid.demo.WebAppTestsChrome">
        <test-method status="PASS" signature="Setup()[pri:0, instance:com.grid.demo.WebAppTestsChrome@cb644e]" name="Setup" is-config="true" duration-ms="39422" started-at="2020-11-11T15:03:29 IST" finished-at="2020-11-11T15:04:08 IST">
          <reporter-output>
          </reporter-output>
        </test-method> <!-- Setup -->
        <test-method status="PASS" signature="Setup()[pri:0, instance:com.grid.demo.WebAppTestsChrome@cb644e]" name="Setup" is-config="true" duration-ms="39476" started-at="2020-11-11T15:03:29 IST" finished-at="2020-11-11T15:04:08 IST">
          <reporter-output>
          </reporter-output>
        </test-method> <!-- Setup -->
        <test-method status="PASS" signature="verifyAppLaunch()[pri:0, instance:com.grid.demo.WebAppTestsChrome@cb644e]" name="verifyAppLaunch" duration-ms="757" started-at="2020-11-11T15:04:08 IST" finished-at="2020-11-11T15:04:09 IST">
          <reporter-output>
          </reporter-output>
        </test-method> <!-- verifyAppLaunch -->
        <test-method status="PASS" signature="verifyAppLogin()[pri:0, instance:com.grid.demo.WebAppTestsChrome@cb644e]" name="verifyAppLogin" duration-ms="11676" started-at="2020-11-11T15:04:08 IST" finished-at="2020-11-11T15:04:20 IST">
          <reporter-output>
          </reporter-output>
        </test-method> <!-- verifyAppLogin -->
        <test-method status="PASS" signature="quit()[pri:0, instance:com.grid.demo.WebAppTestsChrome@cb644e]" name="quit" is-config="true" duration-ms="370" started-at="2020-11-11T15:04:09 IST" finished-at="2020-11-11T15:04:09 IST">
          <reporter-output>
          </reporter-output>
        </test-method> <!-- quit -->
        <test-method status="PASS" signature="quit()[pri:0, instance:com.grid.demo.WebAppTestsChrome@cb644e]" name="quit" is-config="true" duration-ms="219" started-at="2020-11-11T15:04:20 IST" finished-at="2020-11-11T15:04:20 IST">
          <reporter-output>
          </reporter-output>
        </test-method> <!-- quit -->
      </class> <!-- com.grid.demo.WebAppTestsChrome -->
    </test> <!-- TestA -->
    <test name="Test" duration-ms="85395" started-at="2020-11-11T15:03:29 IST" finished-at="2020-11-11T15:04:54 IST">
      <class name="com.grid.demo.WebAppTestsFirefox">
        <test-method status="PASS" signature="Setup()[pri:0, instance:com.grid.demo.WebAppTestsFirefox@21213b92]" name="Setup" is-config="true" duration-ms="73454" started-at="2020-11-11T15:03:29 IST" finished-at="2020-11-11T15:04:42 IST">
          <reporter-output>
          </reporter-output>
        </test-method> <!-- Setup -->
        <test-method status="PASS" signature="Setup()[pri:0, instance:com.grid.demo.WebAppTestsFirefox@21213b92]" name="Setup" is-config="true" duration-ms="74039" started-at="2020-11-11T15:03:29 IST" finished-at="2020-11-11T15:04:43 IST">
          <reporter-output>
          </reporter-output>
        </test-method> <!-- Setup -->
        <test-method status="PASS" signature="verifyAppLogin()[pri:0, instance:com.grid.demo.WebAppTestsFirefox@21213b92]" name="verifyAppLogin" duration-ms="9624" started-at="2020-11-11T15:04:42 IST" finished-at="2020-11-11T15:04:52 IST">
          <reporter-output>
          </reporter-output>
        </test-method> <!-- verifyAppLogin -->
        <test-method status="PASS" signature="verifyAppLaunch()[pri:0, instance:com.grid.demo.WebAppTestsFirefox@21213b92]" name="verifyAppLaunch" duration-ms="914" started-at="2020-11-11T15:04:43 IST" finished-at="2020-11-11T15:04:44 IST">
          <reporter-output>
          </reporter-output>
        </test-method> <!-- verifyAppLaunch -->
        <test-method status="PASS" signature="quit()[pri:0, instance:com.grid.demo.WebAppTestsFirefox@21213b92]" name="quit" is-config="true" duration-ms="8306" started-at="2020-11-11T15:04:44 IST" finished-at="2020-11-11T15:04:52 IST">
          <reporter-output>
          </reporter-output>
        </test-method> <!-- quit -->
        <test-method status="PASS" signature="quit()[pri:0, instance:com.grid.demo.WebAppTestsFirefox@21213b92]" name="quit" is-config="true" duration-ms="2259" started-at="2020-11-11T15:04:52 IST" finished-at="2020-11-11T15:04:54 IST">
          <reporter-output>
          </reporter-output>
        </test-method> <!-- quit -->
      </class> <!-- com.grid.demo.WebAppTestsFirefox -->
    </test> <!-- Test -->
  </suite> <!-- Suite -->
</testng-results>
