<?xml version="1.0" encoding="UTF-8"?>
<testsuite xmlns:xsi="http://www.w3.org/2001/XMLSchema-instance" xsi:noNamespaceSchemaLocation="https://maven.apache.org/surefire/maven-surefire-plugin/xsd/surefire-test-report-3.0.xsd" version="3.0" name="TestSuite" time="22.016" tests="4" errors="0" skipped="0" failures="0">
  <properties>
[...]
</properties>
  <testcase name="verifyAppLaunch" classname="com.grid.demo.WebAppTestsChrome" time="0.142">
    <system-out><![CDATA[Launching Application..TestNG-test=TestA-1
Launching Application..TestNG-test=TestA-2
Logo verification passed
]]></system-out>
    <system-err><![CDATA[SLF4J: Failed to load class "org.slf4j.impl.StaticLoggerBinder".
SLF4J: Defaulting to no-operation (NOP) logger implementation
SLF4J: See http://www.slf4j.org/codes.html#StaticLoggerBinder for further details.
1605031104669	geckodriver	INFO	L1i6s0t5e0n3i11n0g46 6o9n	g e1c2ko7d.r0i.v0e.1r:	2IN94F0O9	L
istening on 127.0.0.1:40034
Starting ChromeDriver 86.0.4240.22 (398b0743353ff36fb1b82468f63a3a93b4e2e89e-refs/branch-heads/4240@{#378}) on port 24145
Only local connections are allowed.
Please see https://chromedriver.chromium.org/security-considerations for suggestions on keeping ChromeDriver safe.
Starting ChromeDriver 86.0.4240.22 (398b0743353ff36fb1b82468f63a3a93b4e2e89e-refs/branch-heads/4240@{#378}) on port 35013
Only local connections are allowed.
Please see https://chromedriver.chromium.org/security-considerations for suggestions on keeping ChromeDriver safe.
ChromeDriver was started successfully.
ChromeDriver was started successfully.
1605031105417	mozrunner::runner	INFO	Running command: "C:\\Program Files\\Mozilla Firefox\\firefox.exe" "--marionette" "-foreground" "-no-remote" "-profile" "C:\\Users\\Madan\\AppData\\Local\\Temp\\rust_mozprofileEYSIxz"
1605031105431	mozrunner::runner	INFO	Running command: "C:\\Program Files\\Mozilla Firefox\\firefox.exe" "--marionette" "-foreground" "-no-remote" "-profile" "C:\\Users\\Madan\\AppData\\Local\\Temp\\rust_mozprofileTYnGYm"
Can't find symbol 'eglSwapBuffersWithDamageEXT'.
Can't find symbol 'eglSwapBuffersWithDamageEXT'.
Nov 10, 2020 11:28:29 PM org.openqa.selenium.remote.ProtocolHandshake createSession
INFO: Detected dialect: W3C
Nov 10, 2020 11:28:29 PM org.openqa.selenium.remote.ProtocolHandshake createSession
INFO: Detected dialect: W3C
JavaScript error: resource://gre/modules/XULStore.jsm, line 66: Error: Can't find profile directory.
JavaScript error: resource://gre/modules/XULStore.jsm, line 66: Error: Can't find profile directory.
console.warn: SearchSettings: "get: No settings file exists, new profile?" (new Error("", "(unknown module)"))
console.warn: SearchSettings: "get: No settings file exists, new profile?" (new Error("", "(unknown module)"))
1605031113674	Marionette	INFO	Listening on port 49384
1605031114199	Marionette	WARN	TLS certificate errors will be ignored for this session
Nov 10, 2020 11:28:34 PM org.openqa.selenium.remote.ProtocolHandshake createSession
INFO: Detected dialect: W3C
1605031115749	Marionette	INFO	Listening on port 49385
1605031116232	Marionette	WARN	TLS certificate errors will be ignored for this session
Nov 10, 2020 11:28:36 PM org.openqa.selenium.remote.ProtocolHandshake createSession
INFO: Detected dialect: W3C
]]></system-err>
  </testcase>
  <testcase name="verifyAppLogin" classname="com.grid.demo.WebAppTestsChrome" time="2.464">
    <system-out><![CDATA[Closing Browser...
Login test successfull
]]></system-out>
    <system-err><![CDATA[1605031122664	Marionette	INFO	Stopped listening on port 49384
]]></system-err>
  </testcase>
  <testcase name="verifyAppLaunch" classname="com.grid.demo.WebAppTestsFirefox" time="0.037">
    <system-out><![CDATA[Closing Browser...
Launching Application..TestNG-test=Test-2
Launching Application..TestNG-test=Test-1
Logo verification passed
]]></system-out>
  </testcase>
  <testcase name="verifyAppLogin" classname="com.grid.demo.WebAppTestsFirefox" time="1.805">
    <system-out><![CDATA[Closing Browser...
Login test successfull
]]></system-out>
    <system-err><![CDATA[1605031120895	Marionette	INFO	Stopped listening on port 49385

###!!! [Child][MessageChannel::SendAndWait] Error: Channel error: cannot send/recv

]]></system-err>
  </testcase>
</testsuite>