<?xml version="1.0" encoding="UTF-8"?>
<!-- Generated by org.testng.reporters.JUnitXMLReporter -->
<testsuite hostname="DESKTOP-73PJK31" ignored="0" name="Test" tests="4" failures="0" timestamp="2020-11-10T23:24:35 IST" time="28.685" errors="0">
  <testcase name="verifyAppLaunch" time="0.083" classname="com.grid.demo.WebAppTestsFirefox"/>
  <testcase name="verifyAppLaunch" time="0.086" classname="com.grid.demo.WebAppTestsChrome"/>
  <testcase name="verifyAppLogin" time="2.904" classname="com.grid.demo.WebAppTestsFirefox"/>
  <testcase name="verifyAppLogin" time="4.654" classname="com.grid.demo.WebAppTestsChrome"/>
</testsuite> <!-- Test -->
