<?xml version="1.0" encoding="UTF-8"?>
<!-- Generated by org.testng.reporters.JUnitXMLReporter -->
<testsuite hostname="DESKTOP-73PJK31" ignored="0" name="TestA" tests="4" failures="0" timestamp="2020-11-10T23:28:44 IST" time="21.171" errors="0">
  <testcase name="verifyAppLaunch" time="0.154" classname="com.grid.demo.WebAppTestsChrome"/>
  <testcase name="verifyAppLaunch" time="0.036" classname="com.grid.demo.WebAppTestsFirefox"/>
  <testcase name="verifyAppLogin" time="3.333" classname="com.grid.demo.WebAppTestsFirefox"/>
  <testcase name="verifyAppLogin" time="5.422" classname="com.grid.demo.WebAppTestsChrome"/>
</testsuite> <!-- TestA -->
