<?xml version="1.0" encoding="UTF-8"?>
<testng-results skipped="0" failed="0" ignored="0" total="2" passed="2">
  <reporter-output>
  </reporter-output>
  <suite name="Default suite" duration-ms="27382" started-at="2020-11-11T14:53:53 IST" finished-at="2020-11-11T14:54:21 IST">
    <groups>
    </groups>
    <test name="Default test" duration-ms="27382" started-at="2020-11-11T14:53:53 IST" finished-at="2020-11-11T14:54:21 IST">
      <class name="com.grid.demo.WebAppTestsFirefox">
        <test-method status="PASS" signature="Setup()[pri:0, instance:com.grid.demo.WebAppTestsFirefox@6e6c3152]" name="Setup" is-config="true" duration-ms="11629" started-at="2020-11-11T14:53:53 IST" finished-at="2020-11-11T14:54:05 IST">
          <reporter-output>
          </reporter-output>
        </test-method> <!-- Setup -->
        <test-method status="PASS" signature="verifyAppLaunch()[pri:0, instance:com.grid.demo.WebAppTestsFirefox@6e6c3152]" name="verifyAppLaunch" duration-ms="62" started-at="2020-11-11T14:54:05 IST" finished-at="2020-11-11T14:54:05 IST">
          <reporter-output>
          </reporter-output>
        </test-method> <!-- verifyAppLaunch -->
        <test-method status="PASS" signature="quit()[pri:0, instance:com.grid.demo.WebAppTestsFirefox@6e6c3152]" name="quit" is-config="true" duration-ms="1120" started-at="2020-11-11T14:54:05 IST" finished-at="2020-11-11T14:54:06 IST">
          <reporter-output>
          </reporter-output>
        </test-method> <!-- quit -->
        <test-method status="PASS" signature="Setup()[pri:0, instance:com.grid.demo.WebAppTestsFirefox@6e6c3152]" name="Setup" is-config="true" duration-ms="10051" started-at="2020-11-11T14:54:06 IST" finished-at="2020-11-11T14:54:16 IST">
          <reporter-output>
          </reporter-output>
        </test-method> <!-- Setup -->
        <test-method status="PASS" signature="verifyAppLogin()[pri:0, instance:com.grid.demo.WebAppTestsFirefox@6e6c3152]" name="verifyAppLogin" duration-ms="3179" started-at="2020-11-11T14:54:16 IST" finished-at="2020-11-11T14:54:19 IST">
          <reporter-output>
          </reporter-output>
        </test-method> <!-- verifyAppLogin -->
        <test-method status="PASS" signature="quit()[pri:0, instance:com.grid.demo.WebAppTestsFirefox@6e6c3152]" name="quit" is-config="true" duration-ms="1282" started-at="2020-11-11T14:54:19 IST" finished-at="2020-11-11T14:54:21 IST">
          <reporter-output>
          </reporter-output>
        </test-method> <!-- quit -->
      </class> <!-- com.grid.demo.WebAppTestsFirefox -->
    </test> <!-- Default test -->
  </suite> <!-- Default suite -->
</testng-results>
