<?xml version="1.0" encoding="UTF-8"?>
<testng-results skipped="0" failed="0" ignored="0" total="4" passed="4">
  <reporter-output>
  </reporter-output>
  <suite name="Suite" duration-ms="20400" started-at="2020-11-10T23:27:26 IST" finished-at="2020-11-10T23:27:46 IST">
    <groups>
    </groups>
    <test name="TestA" duration-ms="19597" started-at="2020-11-10T23:27:26 IST" finished-at="2020-11-10T23:27:46 IST">
      <class name="com.grid.demo.WebAppTestsChrome">
        <test-method status="PASS" signature="Setup()[pri:0, instance:com.grid.demo.WebAppTestsChrome@578486a3]" name="Setup" is-config="true" duration-ms="12688" started-at="2020-11-10T23:27:26 IST" finished-at="2020-11-10T23:27:39 IST">
          <reporter-output>
          </reporter-output>
        </test-method> <!-- Setup -->
        <test-method status="PASS" signature="Setup()[pri:0, instance:com.grid.demo.WebAppTestsChrome@578486a3]" name="Setup" is-config="true" duration-ms="14021" started-at="2020-11-10T23:27:26 IST" finished-at="2020-11-10T23:27:40 IST">
          <reporter-output>
          </reporter-output>
        </test-method> <!-- Setup -->
        <test-method status="PASS" signature="verifyAppLogin()[pri:0, instance:com.grid.demo.WebAppTestsChrome@578486a3]" name="verifyAppLogin" duration-ms="5631" started-at="2020-11-10T23:27:39 IST" finished-at="2020-11-10T23:27:44 IST">
          <reporter-output>
          </reporter-output>
        </test-method> <!-- verifyAppLogin -->
        <test-method status="PASS" signature="verifyAppLaunch()[pri:0, instance:com.grid.demo.WebAppTestsChrome@578486a3]" name="verifyAppLaunch" duration-ms="54" started-at="2020-11-10T23:27:40 IST" finished-at="2020-11-10T23:27:40 IST">
          <reporter-output>
          </reporter-output>
        </test-method> <!-- verifyAppLaunch -->
        <test-method status="PASS" signature="quit()[pri:0, instance:com.grid.demo.WebAppTestsChrome@578486a3]" name="quit" is-config="true" duration-ms="747" started-at="2020-11-10T23:27:40 IST" finished-at="2020-11-10T23:27:41 IST">
          <reporter-output>
          </reporter-output>
        </test-method> <!-- quit -->
        <test-method status="PASS" signature="quit()[pri:0, instance:com.grid.demo.WebAppTestsChrome@578486a3]" name="quit" is-config="true" duration-ms="1226" started-at="2020-11-10T23:27:44 IST" finished-at="2020-11-10T23:27:46 IST">
          <reporter-output>
          </reporter-output>
        </test-method> <!-- quit -->
      </class> <!-- com.grid.demo.WebAppTestsChrome -->
    </test> <!-- TestA -->
    <test name="Test" duration-ms="20400" started-at="2020-11-10T23:27:26 IST" finished-at="2020-11-10T23:27:46 IST">
      <class name="com.grid.demo.WebAppTestsFirefox">
        <test-method status="PASS" signature="Setup()[pri:0, instance:com.grid.demo.WebAppTestsFirefox@694e1548]" name="Setup" is-config="true" duration-ms="16804" started-at="2020-11-10T23:27:26 IST" finished-at="2020-11-10T23:27:43 IST">
          <reporter-output>
          </reporter-output>
        </test-method> <!-- Setup -->
        <test-method status="PASS" signature="Setup()[pri:0, instance:com.grid.demo.WebAppTestsFirefox@694e1548]" name="Setup" is-config="true" duration-ms="15833" started-at="2020-11-10T23:27:26 IST" finished-at="2020-11-10T23:27:42 IST">
          <reporter-output>
          </reporter-output>
        </test-method> <!-- Setup -->
        <test-method status="PASS" signature="verifyAppLogin()[pri:0, instance:com.grid.demo.WebAppTestsFirefox@694e1548]" name="verifyAppLogin" duration-ms="3241" started-at="2020-11-10T23:27:42 IST" finished-at="2020-11-10T23:27:45 IST">
          <reporter-output>
          </reporter-output>
        </test-method> <!-- verifyAppLogin -->
        <test-method status="PASS" signature="verifyAppLaunch()[pri:0, instance:com.grid.demo.WebAppTestsFirefox@694e1548]" name="verifyAppLaunch" duration-ms="45" started-at="2020-11-10T23:27:43 IST" finished-at="2020-11-10T23:27:43 IST">
          <reporter-output>
          </reporter-output>
        </test-method> <!-- verifyAppLaunch -->
        <test-method status="PASS" signature="quit()[pri:0, instance:com.grid.demo.WebAppTestsFirefox@694e1548]" name="quit" is-config="true" duration-ms="1636" started-at="2020-11-10T23:27:43 IST" finished-at="2020-11-10T23:27:44 IST">
          <reporter-output>
          </reporter-output>
        </test-method> <!-- quit -->
        <test-method status="PASS" signature="quit()[pri:0, instance:com.grid.demo.WebAppTestsFirefox@694e1548]" name="quit" is-config="true" duration-ms="1279" started-at="2020-11-10T23:27:45 IST" finished-at="2020-11-10T23:27:46 IST">
          <reporter-output>
          </reporter-output>
        </test-method> <!-- quit -->
      </class> <!-- com.grid.demo.WebAppTestsFirefox -->
    </test> <!-- Test -->
  </suite> <!-- Suite -->
</testng-results>
