<?xml version="1.0" encoding="UTF-8"?>
<!-- Generated by org.testng.reporters.JUnitXMLReporter -->
<testsuite hostname="DESKTOP-73PJK31" ignored="0" name="TestA" tests="4" failures="0" timestamp="2020-11-10T23:27:46 IST" time="19.597" errors="0">
  <testcase name="verifyAppLaunch" time="0.054" classname="com.grid.demo.WebAppTestsChrome"/>
  <testcase name="verifyAppLaunch" time="0.045" classname="com.grid.demo.WebAppTestsFirefox"/>
  <testcase name="verifyAppLogin" time="5.631" classname="com.grid.demo.WebAppTestsChrome"/>
  <testcase name="verifyAppLogin" time="3.241" classname="com.grid.demo.WebAppTestsFirefox"/>
</testsuite> <!-- TestA -->
